<?xml version="1.0" encoding="UTF-8"?>
<!-- Generated by org.testng.reporters.JUnitReportReporter -->
<testsuite hostname="Zaid" failures="0" tests="18" name="AlMosafer_2_Class" time="131.250" errors="0" timestamp="2023-05-22T19:26:33 EET" skipped="0">
  <testcase classname="AlMosafer_2_Class" name="Check_Default_Language_Is_English" time="0.053"/>
  <system-out/>
  <testcase classname="AlMosafer_2_Class" name="FlightIstChecked" time="0.109"/>
  <system-out/>
  <testcase classname="AlMosafer_2_Class" name="checktherandomlanguagekk" time="1.368"/>
  <system-out/>
  <testcase classname="AlMosafer_2_Class" name="Check22_Default_Language_Is_English22" time="0.022"/>
  <system-out/>
  <testcase classname="AlMosafer_2_Class" name="FlightReturnDate" time="0.032"/>
  <system-out/>
  <testcase classname="AlMosafer_2_Class" name="FlightDepartureDate" time="0.062"/>
  <system-out/>
  <testcase classname="AlMosafer_2_Class" name="Check_Qitaf_Logo" time="0.268"/>
  <system-out/>
  <testcase classname="AlMosafer_2_Class" name="Check_The_ContactNumber" time="0.029"/>
  <system-out/>
  <testcase classname="AlMosafer_2_Class" name="Check_The_Title" time="0.010"/>
  <system-out/>
  <testcase classname="AlMosafer_2_Class" name="Check_The_Currency" time="0.207"/>
  <system-out/>
  <testcase classname="AlMosafer_2_Class" name="AdddirectionCities" time="11.568"/>
  <system-out/>
  <testcase classname="AlMosafer_2_Class" name="AdddirectionCities" time="42.840"/>
  <system-out/>
  <testcase classname="AlMosafer_2_Class" name="AdddirectionCities" time="29.616"/>
  <system-out/>
  <testcase classname="AlMosafer_2_Class" name="AdddirectionCities" time="44.248"/>
  <system-out/>
  <testcase classname="AlMosafer_2_Class" name="RoomSelection" time="0.308"/>
  <system-out/>
  <testcase classname="AlMosafer_2_Class" name="RoomSelection" time="0.113"/>
  <system-out/>
  <testcase classname="AlMosafer_2_Class" name="RoomSelection" time="0.200"/>
  <system-out/>
  <testcase classname="AlMosafer_2_Class" name="RoomSelection" time="0.197"/>
  <system-out/>
</testsuite> <!-- AlMosafer_2_Class -->
